<?xml version="1.0" encoding="UTF-8"?>
<!-- Generated by org.testng.reporters.JUnitXMLReporter -->
<testsuite ignored="0" hostname="DESKTOP-5DKO5JM" failures="0" tests="9" name="Test" time="54.582" errors="0" timestamp="2026-06-16T08:11:52 IST">
  <testcase classname="JSON_practice.DeleteMethod" name="deletePost" time="4.447"/>
  <testcase classname="JSON_practice.PostMethod" name="post_routes" time="2.807"/>
  <testcase classname="com.tests.SeleniumTest" name="openReqResSite" time="30.143"/>
  <testcase classname="JSON_practice.GETId" name="posts_routes" time="3.039"/>
  <testcase classname="com.tests.GetUserTest" name="getUserData" time="2.53"/>
  <testcase classname="com.tests.APIValidationTest" name="validateUserData" time="3.664"/>
  <testcase classname="JSON_practice.PutMethod" name="post_routes" time="2.535"/>
  <testcase classname="JSON_practice.GETCount" name="post_resources" time="1.628"/>
  <testcase classname="com.tests.CreateUserTest" name="createUser" time="3.71"/>
</testsuite> <!-- Test -->
