<?xml version="1.0" encoding="UTF-8"?>
<testng-results ignored="0" total="1" passed="1" failed="0" skipped="0">
  <reporter-output>
  </reporter-output>
  <suite started-at="2026-06-15T15:45:15 IST" name="Default suite" finished-at="2026-06-15T15:45:18 IST" duration-ms="3049">
    <groups>
    </groups>
    <test started-at="2026-06-15T15:45:15 IST" name="Default test" finished-at="2026-06-15T15:45:18 IST" duration-ms="3049">
      <class name="com.tests.APIValidationTest">
        <test-method signature="validateUserData()[pri:0, instance:com.tests.APIValidationTest@1cf56a1c]" started-at="2026-06-15T15:45:15 IST" name="validateUserData" finished-at="2026-06-15T15:45:18 IST" duration-ms="2911" status="PASS">
          <reporter-output>
          </reporter-output>
        </test-method> <!-- validateUserData -->
      </class> <!-- com.tests.APIValidationTest -->
    </test> <!-- Default test -->
  </suite> <!-- Default suite -->
</testng-results>
